<?xml version="1.0" encoding="UTF-8"?>
<testsuite name="TestSuite" time="27.52" tests="2" errors="0" skipped="0" failures="1">
  <properties>
[...]
</properties>
  <testcase name="doLogin" classname="testcases.LoginTest" time="20.41"/>
  <testcase name="uploadPhoto" classname="testcases.UploadPhotoTest" time="7.11">
    <failure message="Cannot locate an element using xpath=//*[@id=&quot;navItem_100010051393565&quot;]/a/div&#10;For documentation on this error, please visit: https://www.seleniumhq.org/exceptions/no_such_element.html&#10;Build info: version: &apos;3.141.59&apos;, revision: &apos;e82be7d358&apos;, time: &apos;2018-11-14T08:17:03&apos;&#10;System info: host: &apos;DESKTOP-TPLJPMQ&apos;, ip: &apos;192.168.253.1&apos;, os.name: &apos;Windows 10&apos;, os.arch: &apos;amd64&apos;, os.version: &apos;10.0&apos;, java.version: &apos;1.8.0_231&apos;&#10;Driver info: driver.version: RemoteWebDriver" type="org.openqa.selenium.NoSuchElementException">org.openqa.selenium.NoSuchElementException: Cannot locate an element using xpath=//*[@id="navItem_100010051393565"]/a/div
For documentation on this error, please visit: https://www.seleniumhq.org/exceptions/no_such_element.html
Build info: version: '3.141.59', revision: 'e82be7d358', time: '2018-11-14T08:17:03'
System info: host: 'DESKTOP-TPLJPMQ', ip: '192.168.253.1', os.name: 'Windows 10', os.arch: 'amd64', os.version: '10.0', java.version: '1.8.0_231'
Driver info: driver.version: RemoteWebDriver
	at org.openqa.selenium.remote.RemoteWebDriver.findElement(RemoteWebDriver.java:327)
	at org.openqa.selenium.remote.RemoteWebDriver.findElementByXPath(RemoteWebDriver.java:428)
	at org.openqa.selenium.By$ByXPath.findElement(By.java:353)
	at org.openqa.selenium.remote.RemoteWebDriver.findElement(RemoteWebDriver.java:315)
	at pages.LandingPage.gotoProfile(LandingPage.java:31)
	at testcases.UploadPhotoTest.uploadPhoto(UploadPhotoTest.java:16)
</failure>
    <system-err><![CDATA[[1588410069.194][SEVERE]: Timed out receiving message from renderer: 0.100
[1588410072.376][SEVERE]: Timed out receiving message from renderer: 0.100
[1588410072.615][SEVERE]: Timed out receiving message from renderer: 0.100
[1588410073.838][SEVERE]: Timed out receiving message from renderer: 0.100
]]></system-err>
  </testcase>
</testsuite>